\BOOKMARK [0][-]{chapter.1}{\376\377\0001\000\040\000H\000i\000e\000r\000a\000r\000c\000h\000i\000c\000a\000l\000\040\000I\000n\000d\000e\000x}{}% 1
\BOOKMARK [1][-]{section.1.1}{\376\377\0001\000.\0001\000\040\000C\000l\000a\000s\000s\000\040\000H\000i\000e\000r\000a\000r\000c\000h\000y}{chapter.1}% 2
\BOOKMARK [0][-]{chapter.2}{\376\377\0002\000\040\000C\000l\000a\000s\000s\000\040\000I\000n\000d\000e\000x}{}% 3
\BOOKMARK [1][-]{section.2.1}{\376\377\0002\000.\0001\000\040\000C\000l\000a\000s\000s\000\040\000L\000i\000s\000t}{chapter.2}% 4
\BOOKMARK [0][-]{chapter.3}{\376\377\0003\000\040\000F\000i\000l\000e\000\040\000I\000n\000d\000e\000x}{}% 5
\BOOKMARK [1][-]{section.3.1}{\376\377\0003\000.\0001\000\040\000F\000i\000l\000e\000\040\000L\000i\000s\000t}{chapter.3}% 6
\BOOKMARK [0][-]{chapter.4}{\376\377\0004\000\040\000C\000l\000a\000s\000s\000\040\000D\000o\000c\000u\000m\000e\000n\000t\000a\000t\000i\000o\000n}{}% 7
\BOOKMARK [1][-]{section.4.1}{\376\377\0004\000.\0001\000\040\000A\000b\000s\000t\000r\000a\000k\000t\000K\000a\000t\000e\000g\000o\000r\000i\000a\000\040\000C\000l\000a\000s\000s\000\040\000R\000e\000f\000e\000r\000e\000n\000c\000e}{chapter.4}% 8
\BOOKMARK [2][-]{subsection.4.1.1}{\376\377\0004\000.\0001\000.\0001\000\040\000M\000e\000m\000b\000e\000r\000\040\000F\000u\000n\000c\000t\000i\000o\000n\000\040\000D\000o\000c\000u\000m\000e\000n\000t\000a\000t\000i\000o\000n}{section.4.1}% 9
\BOOKMARK [3][-]{subsubsection.4.1.1.1}{\376\377\0004\000.\0001\000.\0001\000.\0001\000\040\000w\000y\000s\000w\000i\000e\000t\000l\000C\000i\000e\000k\000a\000w\000o\000s\000t\000k\000i\000\050\000\051}{subsection.4.1.1}% 10
\BOOKMARK [3][-]{subsubsection.4.1.1.2}{\376\377\0004\000.\0001\000.\0001\000.\0002\000\040\000w\000y\000s\000w\000i\000e\000t\000l\000K\000r\000o\000k\000i\000P\000r\000z\000e\000p\000i\000s\000u\000\050\000\051}{subsection.4.1.1}% 11
\BOOKMARK [3][-]{subsubsection.4.1.1.3}{\376\377\0004\000.\0001\000.\0001\000.\0003\000\040\000w\000y\000s\000w\000i\000e\000t\000l\000N\000a\000z\000w\000e\000P\000r\000z\000e\000p\000i\000s\000u\000\050\000\051}{subsection.4.1.1}% 12
\BOOKMARK [3][-]{subsubsection.4.1.1.4}{\376\377\0004\000.\0001\000.\0001\000.\0004\000\040\000w\000y\000s\000w\000i\000e\000t\000l\000N\000a\000z\000w\000y\000P\000r\000z\000e\000p\000i\000s\000o\000w\000\050\000\051}{subsection.4.1.1}% 13
\BOOKMARK [3][-]{subsubsection.4.1.1.5}{\376\377\0004\000.\0001\000.\0001\000.\0005\000\040\000w\000y\000s\000w\000i\000e\000t\000l\000N\000a\000z\000w\000y\000P\000r\000z\000y\000p\000r\000a\000w\000\050\000\051}{subsection.4.1.1}% 14
\BOOKMARK [3][-]{subsubsection.4.1.1.6}{\376\377\0004\000.\0001\000.\0001\000.\0006\000\040\000w\000y\000s\000w\000i\000e\000t\000l\000O\000c\000e\000n\000y\000P\000r\000z\000e\000p\000i\000s\000u\000\050\000\051}{subsection.4.1.1}% 15
\BOOKMARK [3][-]{subsubsection.4.1.1.7}{\376\377\0004\000.\0001\000.\0001\000.\0007\000\040\000w\000y\000s\000w\000i\000e\000t\000l\000S\000k\000l\000a\000d\000n\000i\000k\000i\000P\000r\000z\000e\000p\000i\000s\000u\000\050\000\051}{subsection.4.1.1}% 16
\BOOKMARK [1][-]{section.4.2}{\376\377\0004\000.\0002\000\040\000K\000o\000l\000a\000c\000j\000a\000\040\000C\000l\000a\000s\000s\000\040\000R\000e\000f\000e\000r\000e\000n\000c\000e}{chapter.4}% 17
\BOOKMARK [2][-]{subsection.4.2.1}{\376\377\0004\000.\0002\000.\0001\000\040\000C\000o\000n\000s\000t\000r\000u\000c\000t\000o\000r\000\040\000\046\000\040\000D\000e\000s\000t\000r\000u\000c\000t\000o\000r\000\040\000D\000o\000c\000u\000m\000e\000n\000t\000a\000t\000i\000o\000n}{section.4.2}% 18
\BOOKMARK [3][-]{subsubsection.4.2.1.1}{\376\377\0004\000.\0002\000.\0001\000.\0001\000\040\000K\000o\000l\000a\000c\000j\000a\000\050\000\051}{subsection.4.2.1}% 19
\BOOKMARK [2][-]{subsection.4.2.2}{\376\377\0004\000.\0002\000.\0002\000\040\000M\000e\000m\000b\000e\000r\000\040\000F\000u\000n\000c\000t\000i\000o\000n\000\040\000D\000o\000c\000u\000m\000e\000n\000t\000a\000t\000i\000o\000n}{section.4.2}% 20
\BOOKMARK [3][-]{subsubsection.4.2.2.1}{\376\377\0004\000.\0002\000.\0002\000.\0001\000\040\000w\000y\000s\000w\000i\000e\000t\000l\000C\000i\000e\000k\000a\000w\000o\000s\000t\000k\000i\000\050\000\051}{subsection.4.2.2}% 21
\BOOKMARK [3][-]{subsubsection.4.2.2.2}{\376\377\0004\000.\0002\000.\0002\000.\0002\000\040\000w\000y\000s\000w\000i\000e\000t\000l\000K\000r\000o\000k\000i\000P\000r\000z\000e\000p\000i\000s\000u\000\050\000\051}{subsection.4.2.2}% 22
\BOOKMARK [3][-]{subsubsection.4.2.2.3}{\376\377\0004\000.\0002\000.\0002\000.\0003\000\040\000w\000y\000s\000w\000i\000e\000t\000l\000N\000a\000z\000w\000e\000P\000r\000z\000e\000p\000i\000s\000u\000\050\000\051}{subsection.4.2.2}% 23
\BOOKMARK [3][-]{subsubsection.4.2.2.4}{\376\377\0004\000.\0002\000.\0002\000.\0004\000\040\000w\000y\000s\000w\000i\000e\000t\000l\000N\000a\000z\000w\000y\000P\000r\000z\000e\000p\000i\000s\000o\000w\000\050\000\051}{subsection.4.2.2}% 24
\BOOKMARK [3][-]{subsubsection.4.2.2.5}{\376\377\0004\000.\0002\000.\0002\000.\0005\000\040\000w\000y\000s\000w\000i\000e\000t\000l\000N\000a\000z\000w\000y\000P\000r\000z\000y\000p\000r\000a\000w\000\050\000\051}{subsection.4.2.2}% 25
\BOOKMARK [3][-]{subsubsection.4.2.2.6}{\376\377\0004\000.\0002\000.\0002\000.\0006\000\040\000w\000y\000s\000w\000i\000e\000t\000l\000O\000c\000e\000n\000y\000P\000r\000z\000e\000p\000i\000s\000u\000\050\000\051}{subsection.4.2.2}% 26
\BOOKMARK [3][-]{subsubsection.4.2.2.7}{\376\377\0004\000.\0002\000.\0002\000.\0007\000\040\000w\000y\000s\000w\000i\000e\000t\000l\000S\000k\000l\000a\000d\000n\000i\000k\000i\000P\000r\000z\000e\000p\000i\000s\000u\000\050\000\051}{subsection.4.2.2}% 27
\BOOKMARK [1][-]{section.4.3}{\376\377\0004\000.\0003\000\040\000O\000b\000i\000a\000d\000\040\000C\000l\000a\000s\000s\000\040\000R\000e\000f\000e\000r\000e\000n\000c\000e}{chapter.4}% 28
\BOOKMARK [2][-]{subsection.4.3.1}{\376\377\0004\000.\0003\000.\0001\000\040\000C\000o\000n\000s\000t\000r\000u\000c\000t\000o\000r\000\040\000\046\000\040\000D\000e\000s\000t\000r\000u\000c\000t\000o\000r\000\040\000D\000o\000c\000u\000m\000e\000n\000t\000a\000t\000i\000o\000n}{section.4.3}% 29
\BOOKMARK [3][-]{subsubsection.4.3.1.1}{\376\377\0004\000.\0003\000.\0001\000.\0001\000\040\000O\000b\000i\000a\000d\000\050\000\051}{subsection.4.3.1}% 30
\BOOKMARK [2][-]{subsection.4.3.2}{\376\377\0004\000.\0003\000.\0002\000\040\000M\000e\000m\000b\000e\000r\000\040\000F\000u\000n\000c\000t\000i\000o\000n\000\040\000D\000o\000c\000u\000m\000e\000n\000t\000a\000t\000i\000o\000n}{section.4.3}% 31
\BOOKMARK [3][-]{subsubsection.4.3.2.1}{\376\377\0004\000.\0003\000.\0002\000.\0001\000\040\000w\000y\000s\000w\000i\000e\000t\000l\000C\000i\000e\000k\000a\000w\000o\000s\000t\000k\000i\000\050\000\051}{subsection.4.3.2}% 32
\BOOKMARK [3][-]{subsubsection.4.3.2.2}{\376\377\0004\000.\0003\000.\0002\000.\0002\000\040\000w\000y\000s\000w\000i\000e\000t\000l\000K\000r\000o\000k\000i\000P\000r\000z\000e\000p\000i\000s\000u\000\050\000\051}{subsection.4.3.2}% 33
\BOOKMARK [3][-]{subsubsection.4.3.2.3}{\376\377\0004\000.\0003\000.\0002\000.\0003\000\040\000w\000y\000s\000w\000i\000e\000t\000l\000N\000a\000z\000w\000e\000P\000r\000z\000e\000p\000i\000s\000u\000\050\000\051}{subsection.4.3.2}% 34
\BOOKMARK [3][-]{subsubsection.4.3.2.4}{\376\377\0004\000.\0003\000.\0002\000.\0004\000\040\000w\000y\000s\000w\000i\000e\000t\000l\000N\000a\000z\000w\000y\000P\000r\000z\000e\000p\000i\000s\000o\000w\000\050\000\051}{subsection.4.3.2}% 35
\BOOKMARK [3][-]{subsubsection.4.3.2.5}{\376\377\0004\000.\0003\000.\0002\000.\0005\000\040\000w\000y\000s\000w\000i\000e\000t\000l\000N\000a\000z\000w\000y\000P\000r\000z\000y\000p\000r\000a\000w\000\050\000\051}{subsection.4.3.2}% 36
\BOOKMARK [3][-]{subsubsection.4.3.2.6}{\376\377\0004\000.\0003\000.\0002\000.\0006\000\040\000w\000y\000s\000w\000i\000e\000t\000l\000O\000c\000e\000n\000y\000P\000r\000z\000e\000p\000i\000s\000u\000\050\000\051}{subsection.4.3.2}% 37
\BOOKMARK [3][-]{subsubsection.4.3.2.7}{\376\377\0004\000.\0003\000.\0002\000.\0007\000\040\000w\000y\000s\000w\000i\000e\000t\000l\000S\000k\000l\000a\000d\000n\000i\000k\000i\000P\000r\000z\000e\000p\000i\000s\000u\000\050\000\051}{subsection.4.3.2}% 38
\BOOKMARK [1][-]{section.4.4}{\376\377\0004\000.\0004\000\040\000P\000r\000z\000e\000p\000i\000s\000\040\000C\000l\000a\000s\000s\000\040\000R\000e\000f\000e\000r\000e\000n\000c\000e}{chapter.4}% 39
\BOOKMARK [1][-]{section.4.5}{\376\377\0004\000.\0005\000\040\000S\000n\000i\000a\000d\000a\000n\000i\000e\000\040\000C\000l\000a\000s\000s\000\040\000R\000e\000f\000e\000r\000e\000n\000c\000e}{chapter.4}% 40
\BOOKMARK [2][-]{subsection.4.5.1}{\376\377\0004\000.\0005\000.\0001\000\040\000D\000e\000t\000a\000i\000l\000e\000d\000\040\000D\000e\000s\000c\000r\000i\000p\000t\000i\000o\000n}{section.4.5}% 41
\BOOKMARK [2][-]{subsection.4.5.2}{\376\377\0004\000.\0005\000.\0002\000\040\000C\000o\000n\000s\000t\000r\000u\000c\000t\000o\000r\000\040\000\046\000\040\000D\000e\000s\000t\000r\000u\000c\000t\000o\000r\000\040\000D\000o\000c\000u\000m\000e\000n\000t\000a\000t\000i\000o\000n}{section.4.5}% 42
\BOOKMARK [3][-]{subsubsection.4.5.2.1}{\376\377\0004\000.\0005\000.\0002\000.\0001\000\040\000S\000n\000i\000a\000d\000a\000n\000i\000e\000\050\000\051}{subsection.4.5.2}% 43
\BOOKMARK [2][-]{subsection.4.5.3}{\376\377\0004\000.\0005\000.\0003\000\040\000M\000e\000m\000b\000e\000r\000\040\000F\000u\000n\000c\000t\000i\000o\000n\000\040\000D\000o\000c\000u\000m\000e\000n\000t\000a\000t\000i\000o\000n}{section.4.5}% 44
\BOOKMARK [3][-]{subsubsection.4.5.3.1}{\376\377\0004\000.\0005\000.\0003\000.\0001\000\040\000w\000y\000s\000w\000i\000e\000t\000l\000C\000i\000e\000k\000a\000w\000o\000s\000t\000k\000i\000\050\000\051}{subsection.4.5.3}% 45
\BOOKMARK [3][-]{subsubsection.4.5.3.2}{\376\377\0004\000.\0005\000.\0003\000.\0002\000\040\000w\000y\000s\000w\000i\000e\000t\000l\000K\000r\000o\000k\000i\000P\000r\000z\000e\000p\000i\000s\000u\000\050\000\051}{subsection.4.5.3}% 46
\BOOKMARK [3][-]{subsubsection.4.5.3.3}{\376\377\0004\000.\0005\000.\0003\000.\0003\000\040\000w\000y\000s\000w\000i\000e\000t\000l\000N\000a\000z\000w\000e\000P\000r\000z\000e\000p\000i\000s\000u\000\050\000\051}{subsection.4.5.3}% 47
\BOOKMARK [3][-]{subsubsection.4.5.3.4}{\376\377\0004\000.\0005\000.\0003\000.\0004\000\040\000w\000y\000s\000w\000i\000e\000t\000l\000N\000a\000z\000w\000y\000P\000r\000z\000e\000p\000i\000s\000o\000w\000\050\000\051}{subsection.4.5.3}% 48
\BOOKMARK [3][-]{subsubsection.4.5.3.5}{\376\377\0004\000.\0005\000.\0003\000.\0005\000\040\000w\000y\000s\000w\000i\000e\000t\000l\000N\000a\000z\000w\000y\000P\000r\000z\000y\000p\000r\000a\000w\000\050\000\051}{subsection.4.5.3}% 49
\BOOKMARK [3][-]{subsubsection.4.5.3.6}{\376\377\0004\000.\0005\000.\0003\000.\0006\000\040\000w\000y\000s\000w\000i\000e\000t\000l\000O\000c\000e\000n\000y\000P\000r\000z\000e\000p\000i\000s\000u\000\050\000\051}{subsection.4.5.3}% 50
\BOOKMARK [3][-]{subsubsection.4.5.3.7}{\376\377\0004\000.\0005\000.\0003\000.\0007\000\040\000w\000y\000s\000w\000i\000e\000t\000l\000S\000k\000l\000a\000d\000n\000i\000k\000i\000P\000r\000z\000e\000p\000i\000s\000u\000\050\000\051}{subsection.4.5.3}% 51
\BOOKMARK [0][-]{chapter.5}{\376\377\0005\000\040\000F\000i\000l\000e\000\040\000D\000o\000c\000u\000m\000e\000n\000t\000a\000t\000i\000o\000n}{}% 52
\BOOKMARK [1][-]{section.5.1}{\376\377\0005\000.\0001\000\040\000A\000b\000s\000t\000r\000a\000k\000t\000K\000a\000t\000e\000g\000o\000r\000i\000a\000.\000h}{chapter.5}% 53
\BOOKMARK [1][-]{section.5.2}{\376\377\0005\000.\0002\000\040\000K\000o\000l\000a\000c\000j\000a\000.\000h\000\040\000F\000i\000l\000e\000\040\000R\000e\000f\000e\000r\000e\000n\000c\000e}{chapter.5}% 54
\BOOKMARK [2][-]{subsection.5.2.1}{\376\377\0005\000.\0002\000.\0001\000\040\000D\000e\000t\000a\000i\000l\000e\000d\000\040\000D\000e\000s\000c\000r\000i\000p\000t\000i\000o\000n}{section.5.2}% 55
\BOOKMARK [1][-]{section.5.3}{\376\377\0005\000.\0003\000\040\000K\000o\000l\000a\000c\000j\000a\000.\000h}{chapter.5}% 56
\BOOKMARK [1][-]{section.5.4}{\376\377\0005\000.\0004\000\040\000O\000b\000i\000a\000d\000.\000h\000\040\000F\000i\000l\000e\000\040\000R\000e\000f\000e\000r\000e\000n\000c\000e}{chapter.5}% 57
\BOOKMARK [2][-]{subsection.5.4.1}{\376\377\0005\000.\0004\000.\0001\000\040\000D\000e\000t\000a\000i\000l\000e\000d\000\040\000D\000e\000s\000c\000r\000i\000p\000t\000i\000o\000n}{section.5.4}% 58
\BOOKMARK [1][-]{section.5.5}{\376\377\0005\000.\0005\000\040\000O\000b\000i\000a\000d\000.\000h}{chapter.5}% 59
\BOOKMARK [1][-]{section.5.6}{\376\377\0005\000.\0006\000\040\000O\000c\000e\000n\000y\000.\000h}{chapter.5}% 60
\BOOKMARK [1][-]{section.5.7}{\376\377\0005\000.\0007\000\040\000P\000r\000z\000e\000p\000i\000s\000.\000h}{chapter.5}% 61
\BOOKMARK [1][-]{section.5.8}{\376\377\0005\000.\0008\000\040\000S\000n\000i\000a\000d\000a\000n\000i\000e\000.\000h\000\040\000F\000i\000l\000e\000\040\000R\000e\000f\000e\000r\000e\000n\000c\000e}{chapter.5}% 62
\BOOKMARK [2][-]{subsection.5.8.1}{\376\377\0005\000.\0008\000.\0001\000\040\000D\000e\000t\000a\000i\000l\000e\000d\000\040\000D\000e\000s\000c\000r\000i\000p\000t\000i\000o\000n}{section.5.8}% 63
\BOOKMARK [1][-]{section.5.9}{\376\377\0005\000.\0009\000\040\000S\000n\000i\000a\000d\000a\000n\000i\000e\000.\000h}{chapter.5}% 64
\BOOKMARK [0][-]{section*.16}{\376\377\000I\000n\000d\000e\000x}{}% 65
